<?xml version="1.0" encoding="UTF-8"?>
<!-- Generated by org.testng.reporters.JUnitXMLReporter -->
<testsuite ignored="0" hostname="LAPTOP-1G02M72B" failures="0" tests="5" name="Login" time="49.59" errors="0" timestamp="30 Nov 2022 05:40:20 GMT">
  <testcase classname="com.salesforce.tests.SfdcTestcases" name="forgotpassword" time="1.495"/>
  <testcase classname="com.salesforce.tests.SfdcTestcases" name="forgotpasswordB" time="0.606"/>
  <testcase classname="com.salesforce.tests.SfdcTestcases" name="loginFail" time="0.862"/>
  <testcase classname="com.salesforce.tests.SfdcTestcases" name="loginSuccess" time="2.774"/>
  <testcase classname="com.salesforce.tests.SfdcTestcases" name="usernamecheck" time="11.323"/>
</testsuite> <!-- Login -->
