-------------------------------------------------------------------------------
Test set: com.salesforce.tests.LoginTest
-------------------------------------------------------------------------------
Tests run: 5, Failures: 1, Errors: 0, Skipped: 0, Time elapsed: 66.314 sec <<< FAILURE!
forgotpassword(com.salesforce.tests.LoginTest)  Time elapsed: 1.638 sec  <<< FAILURE!
java.lang.AssertionError: expected [We’ve sent you an email with a link to finish resetting your password.] but found [Weâ€™ve sent you an email with a link to finish resetting your password.]
	at org.testng.Assert.fail(Assert.java:96)
	at org.testng.Assert.failNotEquals(Assert.java:776)
	at org.testng.Assert.assertEqualsImpl(Assert.java:137)
	at org.testng.Assert.assertEquals(Assert.java:118)
	at org.testng.Assert.assertEquals(Assert.java:453)
	at org.testng.Assert.assertEquals(Assert.java:463)
	at com.salesforce.tests.LoginTest.forgotpassword(LoginTest.java:92)

