<?xml version="1.0" encoding="UTF-8" ?>
<testsuite tests="5" failures="1" name="com.salesforce.tests.LoginTest" time="20.417" errors="0" skipped="0">
  <properties>
[...]
</properties>
  <testcase classname="com.salesforce.tests.LoginTest" name="forgotpassword" time="1.638">
    <failure message="expected [We’ve sent you an email with a link to finish resetting your password.] but found [Weâ€™ve sent you an email with a link to finish resetting your password.]" type="java.lang.AssertionError">java.lang.AssertionError: expected [We’ve sent you an email with a link to finish resetting your password.] but found [Weâ€™ve sent you an email with a link to finish resetting your password.]
	at org.testng.Assert.fail(Assert.java:96)
	at org.testng.Assert.failNotEquals(Assert.java:776)
	at org.testng.Assert.assertEqualsImpl(Assert.java:137)
	at org.testng.Assert.assertEquals(Assert.java:118)
	at org.testng.Assert.assertEquals(Assert.java:453)
	at org.testng.Assert.assertEquals(Assert.java:463)
	at com.salesforce.tests.LoginTest.forgotpassword(LoginTest.java:92)
</failure>
    <system-out>Configuring TestNG with: org.apache.maven.surefire.testng.conf.TestNG652Configurator@7006c658
</system-out>
    <system-err>SLF4J: Failed to load class &quot;org.slf4j.impl.StaticLoggerBinder&quot;.
SLF4J: Defaulting to no-operation (NOP) logger implementation
SLF4J: See http://www.slf4j.org/codes.html#StaticLoggerBinder for further details.
Starting ChromeDriver 107.0.5304.62 (1eec40d3a5764881c92085aaee66d25075c159aa-refs/branch-heads/5304@{#942}) on port 34019
Only local connections are allowed.
Please see https://chromedriver.chromium.org/security-considerations for suggestions on keeping ChromeDriver safe.
ChromeDriver was started successfully.
Nov 29, 2022 2:16:15 PM org.openqa.selenium.remote.ProtocolHandshake createSession
INFO: Detected dialect: W3C
</system-err>
  </testcase>
  <testcase classname="com.salesforce.tests.LoginTest" name="forgotpasswordB" time="0.682"/>
  <testcase classname="com.salesforce.tests.LoginTest" name="loginFail" time="2.824"/>
  <testcase classname="com.salesforce.tests.LoginTest" name="loginSuccess" time="0.476"/>
  <testcase classname="com.salesforce.tests.LoginTest" name="usernamecheck" time="14.797"/>
</testsuite>