<?xml version="1.0" encoding="UTF-8"?>
<!-- Generated by org.testng.reporters.JUnitXMLReporter -->
<testsuite ignored="0" hostname="LAPTOP-1G02M72B" failures="0" tests="5" name="Default test" time="55.087" errors="0" timestamp="04 Dec 2022 02:27:51 GMT">
  <testcase classname="com.salesforce.tests.SfdcTestcases" name="forgotpassword" time="1.343"/>
  <testcase classname="com.salesforce.tests.SfdcTestcases" name="forgotpasswordB" time="7.465"/>
  <testcase classname="com.salesforce.tests.SfdcTestcases" name="loginFail" time="0.525"/>
  <testcase classname="com.salesforce.tests.SfdcTestcases" name="loginSuccess" time="3.0"/>
  <testcase classname="com.salesforce.tests.SfdcTestcases" name="remamberMe" time="7.985"/>
</testsuite> <!-- Default test -->
