<?xml version="1.0" encoding="UTF-8"?>
<!-- Generated by org.testng.reporters.JUnitXMLReporter -->
<testsuite ignored="0" hostname="LAPTOP-1G02M72B" failures="0" tests="5" name="Login" time="43.205" errors="0" timestamp="29 Nov 2022 21:55:07 GMT">
  <testcase classname="com.salesforce.tests.LoginTest" name="forgotpassword" time="1.11"/>
  <testcase classname="com.salesforce.tests.LoginTest" name="forgotpasswordB" time="0.856"/>
  <testcase classname="com.salesforce.tests.LoginTest" name="loginFail" time="2.546"/>
  <testcase classname="com.salesforce.tests.LoginTest" name="loginSuccess" time="0.462"/>
  <testcase classname="com.salesforce.tests.LoginTest" name="usernamecheck" time="11.048"/>
</testsuite> <!-- Login -->
