<?xml version="1.0" encoding="UTF-8"?>
<testng-results ignored="0" total="5" passed="5" failed="0" skipped="0">
  <reporter-output>
  </reporter-output>
  <suite started-at="2022-11-29T21:54:24Z" name="salesforce" finished-at="2022-11-29T21:55:07Z" duration-ms="43205">
    <groups>
    </groups>
    <test started-at="2022-11-29T21:54:24Z" name="Login" finished-at="2022-11-29T21:55:07Z" duration-ms="43205">
      <class name="com.salesforce.tests.LoginTest">
        <test-method is-config="true" signature="beforeMethod()[pri:0, instance:com.salesforce.tests.LoginTest@6dbb137d]" started-at="2022-11-29T21:54:24Z" name="beforeMethod" finished-at="2022-11-29T21:54:30Z" duration-ms="6529" status="PASS">
          <reporter-output>
          </reporter-output>
        </test-method> <!-- beforeMethod -->
        <test-method signature="forgotpassword()[pri:0, instance:com.salesforce.tests.LoginTest@6dbb137d]" started-at="2022-11-29T21:54:30Z" name="forgotpassword" finished-at="2022-11-29T21:54:31Z" duration-ms="1110" status="PASS">
          <reporter-output>
          </reporter-output>
        </test-method> <!-- forgotpassword -->
        <test-method is-config="true" signature="afterMethod()[pri:0, instance:com.salesforce.tests.LoginTest@6dbb137d]" started-at="2022-11-29T21:54:31Z" name="afterMethod" finished-at="2022-11-29T21:54:32Z" duration-ms="413" status="PASS">
          <reporter-output>
          </reporter-output>
        </test-method> <!-- afterMethod -->
        <test-method is-config="true" signature="beforeMethod()[pri:0, instance:com.salesforce.tests.LoginTest@6dbb137d]" started-at="2022-11-29T21:54:32Z" name="beforeMethod" finished-at="2022-11-29T21:54:37Z" duration-ms="5246" status="PASS">
          <reporter-output>
          </reporter-output>
        </test-method> <!-- beforeMethod -->
        <test-method signature="forgotpasswordB()[pri:0, instance:com.salesforce.tests.LoginTest@6dbb137d]" started-at="2022-11-29T21:54:37Z" name="forgotpasswordB" finished-at="2022-11-29T21:54:38Z" duration-ms="856" status="PASS">
          <reporter-output>
          </reporter-output>
        </test-method> <!-- forgotpasswordB -->
        <test-method is-config="true" signature="afterMethod()[pri:0, instance:com.salesforce.tests.LoginTest@6dbb137d]" started-at="2022-11-29T21:54:38Z" name="afterMethod" finished-at="2022-11-29T21:54:38Z" duration-ms="147" status="PASS">
          <reporter-output>
          </reporter-output>
        </test-method> <!-- afterMethod -->
        <test-method is-config="true" signature="beforeMethod()[pri:0, instance:com.salesforce.tests.LoginTest@6dbb137d]" started-at="2022-11-29T21:54:38Z" name="beforeMethod" finished-at="2022-11-29T21:54:43Z" duration-ms="4756" status="PASS">
          <reporter-output>
          </reporter-output>
        </test-method> <!-- beforeMethod -->
        <test-method signature="loginFail()[pri:0, instance:com.salesforce.tests.LoginTest@6dbb137d]" started-at="2022-11-29T21:54:43Z" name="loginFail" finished-at="2022-11-29T21:54:45Z" duration-ms="2546" status="PASS">
          <reporter-output>
          </reporter-output>
        </test-method> <!-- loginFail -->
        <test-method is-config="true" signature="afterMethod()[pri:0, instance:com.salesforce.tests.LoginTest@6dbb137d]" started-at="2022-11-29T21:54:45Z" name="afterMethod" finished-at="2022-11-29T21:54:45Z" duration-ms="150" status="PASS">
          <reporter-output>
          </reporter-output>
        </test-method> <!-- afterMethod -->
        <test-method is-config="true" signature="beforeMethod()[pri:0, instance:com.salesforce.tests.LoginTest@6dbb137d]" started-at="2022-11-29T21:54:45Z" name="beforeMethod" finished-at="2022-11-29T21:54:51Z" duration-ms="5025" status="PASS">
          <reporter-output>
          </reporter-output>
        </test-method> <!-- beforeMethod -->
        <test-method signature="loginSuccess()[pri:0, instance:com.salesforce.tests.LoginTest@6dbb137d]" started-at="2022-11-29T21:54:51Z" name="loginSuccess" finished-at="2022-11-29T21:54:51Z" duration-ms="462" status="PASS">
          <reporter-output>
          </reporter-output>
        </test-method> <!-- loginSuccess -->
        <test-method is-config="true" signature="afterMethod()[pri:0, instance:com.salesforce.tests.LoginTest@6dbb137d]" started-at="2022-11-29T21:54:51Z" name="afterMethod" finished-at="2022-11-29T21:54:51Z" duration-ms="368" status="PASS">
          <reporter-output>
          </reporter-output>
        </test-method> <!-- afterMethod -->
        <test-method is-config="true" signature="beforeMethod()[pri:0, instance:com.salesforce.tests.LoginTest@6dbb137d]" started-at="2022-11-29T21:54:51Z" name="beforeMethod" finished-at="2022-11-29T21:54:56Z" duration-ms="4321" status="PASS">
          <reporter-output>
          </reporter-output>
        </test-method> <!-- beforeMethod -->
        <test-method signature="usernamecheck()[pri:0, instance:com.salesforce.tests.LoginTest@6dbb137d]" started-at="2022-11-29T21:54:56Z" name="usernamecheck" finished-at="2022-11-29T21:55:07Z" duration-ms="11048" status="PASS">
          <reporter-output>
          </reporter-output>
        </test-method> <!-- usernamecheck -->
        <test-method is-config="true" signature="afterMethod()[pri:0, instance:com.salesforce.tests.LoginTest@6dbb137d]" started-at="2022-11-29T21:55:07Z" name="afterMethod" finished-at="2022-11-29T21:55:07Z" duration-ms="186" status="PASS">
          <reporter-output>
          </reporter-output>
        </test-method> <!-- afterMethod -->
      </class> <!-- com.salesforce.tests.LoginTest -->
    </test> <!-- Login -->
  </suite> <!-- salesforce -->
</testng-results>
